<?xml version="1.0" encoding="UTF-8"?>
<!-- Generated by org.testng.reporters.JUnitReportReporter -->
<testsuite hostname="LAPTOP-A6BMCD3L" failures="0" tests="3" name="tests.LoginPageTest" time="0.787" errors="0" timestamp="2025-06-11T10:14:46 IST" skipped="0">
  <testcase classname="tests.LoginPageTest" name="checkDashboardUrl" time="0.083"/>
  <testcase classname="tests.LoginPageTest" name="verifyPageHeading" time="0.588"/>
  <testcase classname="tests.LoginPageTest" name="verifyTitle" time="0.116"/>
</testsuite> <!-- tests.LoginPageTest -->
