<?xml version="1.0" encoding="UTF-8"?>
<!-- Generated by org.testng.reporters.JUnitReportReporter -->
<testsuite hostname="LAPTOP-A6BMCD3L" failures="0" tests="6" name="tests.LoginPageTest" time="19.148" errors="0" timestamp="2025-06-11T23:40:31 IST" skipped="0">
  <testcase classname="tests.LoginPageTest" name="verifyPageHeading" time="2.452"/>
  <testcase classname="tests.LoginPageTest" name="checkDashboardUrl" time="3.609"/>
  <testcase classname="tests.LoginPageTest" name="verifyTitle" time="3.627"/>
  <testcase classname="tests.LoginPageTest" name="checkDashboardUrl" time="2.183"/>
  <testcase classname="tests.LoginPageTest" name="verifyPageHeading" time="4.309"/>
  <testcase classname="tests.LoginPageTest" name="verifyTitle" time="2.968"/>
</testsuite> <!-- tests.LoginPageTest -->
